<?xml version="1.0" encoding="UTF-8"?>
<testsuite name="com.joohnserde.forgex.ForgexApplicationTests" tests="1" skipped="0" failures="0" errors="0" timestamp="2026-07-28T13:04:06.035Z" hostname="ubuntu-server" time="2.585">
  <properties/>
  <testcase name="contextLoads()" classname="com.joohnserde.forgex.ForgexApplicationTests" time="0.307"/>
  <system-out><![CDATA[20:04:06.146 [Test worker] INFO org.springframework.test.context.support.AnnotationConfigContextLoaderUtils -- Could not detect default configuration classes for test class [com.joohnserde.forgex.ForgexApplicationTests]: ForgexApplicationTests does not declare any static, non-private, non-final, nested classes annotated with @Configuration.
20:04:06.194 [Test worker] INFO org.springframework.boot.test.context.SpringBootTestContextBootstrapper -- Found @SpringBootConfiguration com.joohnserde.forgex.ForgexApplication for test class com.joohnserde.forgex.ForgexApplicationTests
20:04:06.232 [Test worker] INFO org.springframework.test.context.support.AnnotationConfigContextLoaderUtils -- Could not detect default configuration classes for test class [com.joohnserde.forgex.ForgexApplicationTests]: ForgexApplicationTests does not declare any static, non-private, non-final, nested classes annotated with @Configuration.
20:04:06.233 [Test worker] INFO org.springframework.boot.test.context.SpringBootTestContextBootstrapper -- Found @SpringBootConfiguration com.joohnserde.forgex.ForgexApplication for test class com.joohnserde.forgex.ForgexApplicationTests

  .   ____          _            __ _ _
 /\\ / ___'_ __ _ _(_)_ __  __ _ \ \ \ \
( ( )\___ | '_ | '_| | '_ \/ _` | \ \ \ \
 \\/  ___)| |_)| | | | | || (_| |  ) ) ) )
  '  |____| .__|_| |_|_| |_\__, | / / / /
 =========|_|==============|___/=/_/_/_/

 :: Spring Boot ::                (v4.1.0)

2026-07-28T20:04:06.417+07:00  INFO 30464 --- [forgex] [    Test worker] c.j.forgex.ForgexApplicationTests        : Starting ForgexApplicationTests using Java 21.0.11 with PID 30464 (started by gatotDubai in /home/gatotDubai/IdeaProjects/forgex)
2026-07-28T20:04:06.418+07:00  INFO 30464 --- [forgex] [    Test worker] c.j.forgex.ForgexApplicationTests        : The following 1 profile is active: "local"
2026-07-28T20:04:06.736+07:00  INFO 30464 --- [forgex] [    Test worker] .s.d.r.c.RepositoryConfigurationDelegate : Bootstrapping Spring Data JPA repositories in DEFAULT mode.
2026-07-28T20:04:06.752+07:00  INFO 30464 --- [forgex] [    Test worker] .s.d.r.c.RepositoryConfigurationDelegate : Finished Spring Data repository scanning in 11 ms. Found 0 JPA repository interfaces.
2026-07-28T20:04:06.992+07:00  INFO 30464 --- [forgex] [    Test worker] com.zaxxer.hikari.HikariDataSource       : HikariPool-1 - Starting...
2026-07-28T20:04:07.192+07:00  INFO 30464 --- [forgex] [    Test worker] com.zaxxer.hikari.pool.HikariPool        : HikariPool-1 - Added connection org.postgresql.jdbc.PgConnection@769b0752
2026-07-28T20:04:07.193+07:00  INFO 30464 --- [forgex] [    Test worker] com.zaxxer.hikari.HikariDataSource       : HikariPool-1 - Start completed.
2026-07-28T20:04:07.210+07:00  INFO 30464 --- [forgex] [    Test worker] org.hibernate.orm.jpa                    : HHH008540: Processing PersistenceUnitInfo [name: default]
2026-07-28T20:04:07.237+07:00  INFO 30464 --- [forgex] [    Test worker] org.hibernate.orm.core                   : HHH000001: Hibernate ORM core version 7.4.1.Final
2026-07-28T20:04:07.457+07:00  INFO 30464 --- [forgex] [    Test worker] o.s.o.j.p.SpringPersistenceUnitInfo      : No LoadTimeWeaver setup: ignoring JPA class transformer
2026-07-28T20:04:07.502+07:00  INFO 30464 --- [forgex] [    Test worker] org.hibernate.orm.connections.pooling    : HHH10001005: Database info:
	Database JDBC URL [jdbc:postgresql://localhost:5432/forgex_data_test]
	Database driver: PostgreSQL JDBC Driver
	Database dialect: PostgreSQLDialect
	Database version: 16.14
	Default catalog/schema: forgex_data_test/public
	Autocommit mode: undefined/unknown
	Isolation level: READ_COMMITTED [default READ_COMMITTED]
	JDBC fetch size: none
	Pool: DataSourceConnectionProvider
	Minimum pool size: undefined/unknown
	Maximum pool size: undefined/unknown
2026-07-28T20:04:07.725+07:00  INFO 30464 --- [forgex] [    Test worker] org.hibernate.orm.core                   : HHH000489: No JTA platform available (set 'hibernate.transaction.jta.platform' to enable JTA platform integration)
2026-07-28T20:04:07.730+07:00  INFO 30464 --- [forgex] [    Test worker] j.LocalContainerEntityManagerFactoryBean : Initialized JPA EntityManagerFactory for persistence unit 'default'
2026-07-28T20:04:07.914+07:00  WARN 30464 --- [forgex] [    Test worker] JpaBaseConfiguration$JpaWebConfiguration : spring.jpa.open-in-view is enabled by default. Therefore, database queries may be performed during view rendering. Explicitly configure spring.jpa.open-in-view to disable this warning
2026-07-28T20:04:08.147+07:00  WARN 30464 --- [forgex] [    Test worker] .s.a.UserDetailsServiceAutoConfiguration : 

Using generated security password: 17446f26-4dd5-4003-ba39-0214aa86581b

This generated password is for development use only. Your security configuration must be updated before running your application in production.

2026-07-28T20:04:08.173+07:00  INFO 30464 --- [forgex] [    Test worker] r$InitializeUserDetailsManagerConfigurer : Global AuthenticationManager configured with UserDetailsService bean with name inMemoryUserDetailsManager
2026-07-28T20:04:08.306+07:00  INFO 30464 --- [forgex] [    Test worker] c.j.forgex.ForgexApplicationTests        : Started ForgexApplicationTests in 2.043 seconds (process running for 2.692)
]]></system-out>
  <system-err><![CDATA[Mockito is currently self-attaching to enable the inline-mock-maker. This will no longer work in future releases of the JDK. Please add Mockito as an agent to your build as described in Mockito's documentation: https://javadoc.io/doc/org.mockito/mockito-core/latest/org.mockito/org/mockito/Mockito.html#0.3
WARNING: A Java agent has been loaded dynamically (/home/gatotDubai/.gradle/caches/modules-2/files-2.1/net.bytebuddy/byte-buddy-agent/1.18.10/9426d28828bdcdf42666bb7a68c468279ea78f59/byte-buddy-agent-1.18.10.jar)
WARNING: If a serviceability tool is in use, please run with -XX:+EnableDynamicAgentLoading to hide this warning
WARNING: If a serviceability tool is not in use, please run with -Djdk.instrument.traceUsage for more information
WARNING: Dynamic loading of agents will be disallowed by default in a future release
]]></system-err>
</testsuite>
